Traceback (most recent call last):
  File "/usr/share/miniconda/envs/foss4g/lib/python3.10/site-packages/jupyter_cache/executors/utils.py", line 51, in single_nb_execution
    executenb(
  File "/usr/share/miniconda/envs/foss4g/lib/python3.10/site-packages/nbclient/client.py", line 1204, in execute
    return NotebookClient(nb=nb, resources=resources, km=km, **kwargs).execute()
  File "/usr/share/miniconda/envs/foss4g/lib/python3.10/site-packages/nbclient/util.py", line 84, in wrapped
    return just_run(coro(*args, **kwargs))
  File "/usr/share/miniconda/envs/foss4g/lib/python3.10/site-packages/nbclient/util.py", line 62, in just_run
    return loop.run_until_complete(coro)
  File "/usr/share/miniconda/envs/foss4g/lib/python3.10/asyncio/base_events.py", line 646, in run_until_complete
    return future.result()
  File "/usr/share/miniconda/envs/foss4g/lib/python3.10/site-packages/nbclient/client.py", line 663, in async_execute
    await self.async_execute_cell(
  File "/usr/share/miniconda/envs/foss4g/lib/python3.10/site-packages/nbclient/client.py", line 965, in async_execute_cell
    await self._check_raise_for_error(cell, cell_index, exec_reply)
  File "/usr/share/miniconda/envs/foss4g/lib/python3.10/site-packages/nbclient/client.py", line 862, in _check_raise_for_error
    raise CellExecutionError.from_cell_and_msg(cell, exec_reply_content)
nbclient.exceptions.CellExecutionError: An error occurred while executing the following cell:
------------------
(
 POI_mean.hvplot(c='grey', label='mean LTS 1999-2019', alpha=0.2, line_dash='dashed') *
 POI_min.hvplot(c='b',label='min LTS 1999-2019', alpha=0.2, line_dash='dashed') *
 POI_max.hvplot(c='r', label='Max LTS 1999-2019', alpha=0.2, line_dash='dashed') *
 hv.Area((POI_mean.time, POI_mean - 2 * POI_std, POI_mean + 2 * POI_std ), vdims=['- Std', '+ Std'], label='Standard deviation LTS 1999-2019',).opts( color='blue', alpha=0.2))\
    .opts(title=f"CGLS S3 300m NDVI fluctuation over the year 2022 in comparison with CGLS Long Term Statistics\nPoint of interest Lat {np.round(POI.lat.data,2)} Lon {np.round(POI.lon.data,2)}",
          legend_position='bottom_right')
------------------

[0;31m---------------------------------------------------------------------------[0m
[0;31mNameError[0m                                 Traceback (most recent call last)
Input [0;32mIn [27][0m, in [0;36m<cell line: 2>[0;34m()[0m
[1;32m      1[0m (
[1;32m      2[0m  POI_mean[38;5;241m.[39mhvplot(c[38;5;241m=[39m[38;5;124m'[39m[38;5;124mgrey[39m[38;5;124m'[39m, label[38;5;241m=[39m[38;5;124m'[39m[38;5;124mmean LTS 1999-2019[39m[38;5;124m'[39m, alpha[38;5;241m=[39m[38;5;241m0.2[39m, line_dash[38;5;241m=[39m[38;5;124m'[39m[38;5;124mdashed[39m[38;5;124m'[39m) [38;5;241m*[39m
[1;32m      3[0m  POI_min[38;5;241m.[39mhvplot(c[38;5;241m=[39m[38;5;124m'[39m[38;5;124mb[39m[38;5;124m'[39m,label[38;5;241m=[39m[38;5;124m'[39m[38;5;124mmin LTS 1999-2019[39m[38;5;124m'[39m, alpha[38;5;241m=[39m[38;5;241m0.2[39m, line_dash[38;5;241m=[39m[38;5;124m'[39m[38;5;124mdashed[39m[38;5;124m'[39m) [38;5;241m*[39m
[1;32m      4[0m  POI_max[38;5;241m.[39mhvplot(c[38;5;241m=[39m[38;5;124m'[39m[38;5;124mr[39m[38;5;124m'[39m, label[38;5;241m=[39m[38;5;124m'[39m[38;5;124mMax LTS 1999-2019[39m[38;5;124m'[39m, alpha[38;5;241m=[39m[38;5;241m0.2[39m, line_dash[38;5;241m=[39m[38;5;124m'[39m[38;5;124mdashed[39m[38;5;124m'[39m) [38;5;241m*[39m
[1;32m      5[0m  hv[38;5;241m.[39mArea((POI_mean[38;5;241m.[39mtime, POI_mean [38;5;241m-[39m [38;5;241m2[39m [38;5;241m*[39m POI_std, POI_mean [38;5;241m+[39m [38;5;241m2[39m [38;5;241m*[39m POI_std ), vdims[38;5;241m=[39m[[38;5;124m'[39m[38;5;124m- Std[39m[38;5;124m'[39m, [38;5;124m'[39m[38;5;124m+ Std[39m[38;5;124m'[39m], label[38;5;241m=[39m[38;5;124m'[39m[38;5;124mStandard deviation LTS 1999-2019[39m[38;5;124m'[39m,)[38;5;241m.[39mopts( color[38;5;241m=[39m[38;5;124m'[39m[38;5;124mblue[39m[38;5;124m'[39m, alpha[38;5;241m=[39m[38;5;241m0.2[39m))\
[0;32m----> 6[0m     [38;5;241m.[39mopts(title[38;5;241m=[39m[38;5;124mf[39m[38;5;124m"[39m[38;5;124mCGLS S3 300m NDVI fluctuation over the year 2022 in comparison with CGLS Long Term Statistics[39m[38;5;130;01m\n[39;00m[38;5;124mPoint of interest Lat [39m[38;5;132;01m{[39;00mnp[38;5;241m.[39mround(POI[38;5;241m.[39mlat[38;5;241m.[39mdata,[38;5;241m2[39m)[38;5;132;01m}[39;00m[38;5;124m Lon [39m[38;5;132;01m{[39;00mnp[38;5;241m.[39mround(POI[38;5;241m.[39mlon[38;5;241m.[39mdata,[38;5;241m2[39m)[38;5;132;01m}[39;00m[38;5;124m"[39m,
[1;32m      7[0m           legend_position[38;5;241m=[39m[38;5;124m'[39m[38;5;124mbottom_right[39m[38;5;124m'[39m)

[0;31mNameError[0m: name 'POI' is not defined
NameError: name 'POI' is not defined

